# JRE version: OpenJDK Runtime Environment Temurin-21.0.10+7 (21.0.10+7) (build 21.0.10+7-LTS)
# Java VM: OpenJDK 64-Bit Server VM Temurin-21.0.10+7 (21.0.10+7-LTS, mixed mode, sharing, tiered, compressed oops, compressed class ptrs, parallel gc, windows-amd64)
GC Precious Log:
 CardTable entry size: 512
 CPUs: 8 total, 8 available
 Memory: 16242M
 Large Page Support: Disabled
 NUMA Support: Disabled
 Compressed Oops: Enabled (32-bit)
 Alignments: Space 512K, Generation 512K, Heap 2M
 Heap Min Capacity: 100M
 Heap Initial Capacity: 100M
 Heap Max Capacity: 2G
 Pre-touch: Disabled
 Parallel Workers: 8
Heap:
 PSYoungGen      total 15360K, used 977K [0x00000000d5580000, 0x00000000d6600000, 0x0000000100000000)
  eden space 14336K, 1% used [0x00000000d5580000,0x00000000d55c4778,0x00000000d6380000)
  from space 1024K, 68% used [0x00000000d6500000,0x00000000d65b0000,0x00000000d6600000)
  to   space 1024K, 0% used [0x00000000d6380000,0x00000000d6380000,0x00000000d6480000)
 ParOldGen       total 68608K, used 37485K [0x0000000080000000, 0x0000000084300000, 0x00000000d5580000)
  object space 68608K, 54% used [0x0000000080000000,0x000000008249b520,0x0000000084300000)
 Metaspace       used 44317K, committed 45440K, reserved 1114112K
  class space    used 4802K, committed 5312K, reserved 1048576K
GC Heap History (20 events):
Event: 102.642 GC heap before
{Heap before GC invocations=20 (full 1):
 PSYoungGen      total 15360K, used 14912K [0x00000000d5580000, 0x00000000d6800000, 0x0000000100000000)
  eden space 14336K, 100% used [0x00000000d5580000,0x00000000d6380000,0x00000000d6380000)
  from space 1024K, 56% used [0x00000000d6700000,0x00000000d6790000,0x00000000d6800000)
  to   space 1024K, 0% used [0x00000000d6600000,0x00000000d6600000,0x00000000d6700000)
 ParOldGen       total 68608K, used 30755K [0x0000000080000000, 0x0000000084300000, 0x00000000d5580000)
  object space 68608K, 44% used [0x0000000080000000,0x0000000081e08e18,0x0000000084300000)
 Metaspace       used 33313K, committed 34240K, reserved 1114112K
  class space    used 3428K, committed 3840K, reserved 1048576K
}
Event: 102.645 GC heap after
{Heap after GC invocations=20 (full 1):
 PSYoungGen      total 15360K, used 544K [0x00000000d5580000, 0x00000000d6780000, 0x0000000100000000)
  eden space 14336K, 0% used [0x00000000d5580000,0x00000000d5580000,0x00000000d6380000)
  from space 1024K, 53% used [0x00000000d6600000,0x00000000d6688000,0x00000000d6700000)
  to   space 512K, 0% used [0x00000000d6700000,0x00000000d6700000,0x00000000d6780000)
 ParOldGen       total 68608K, used 31147K [0x0000000080000000, 0x0000000084300000, 0x00000000d5580000)
  object space 68608K, 45% used [0x0000000080000000,0x0000000081e6ae18,0x0000000084300000)
 Metaspace       used 33313K, committed 34240K, reserved 1114112K
  class space    used 3428K, committed 3840K, reserved 1048576K
}
Event: 103.708 GC heap before
{Heap before GC invocations=21 (full 1):
 PSYoungGen      total 15360K, used 14880K [0x00000000d5580000, 0x00000000d6780000, 0x0000000100000000)
  eden space 14336K, 100% used [0x00000000d5580000,0x00000000d6380000,0x00000000d6380000)
  from space 1024K, 53% used [0x00000000d6600000,0x00000000d6688000,0x00000000d6700000)
  to   space 512K, 0% used [0x00000000d6700000,0x00000000d6700000,0x00000000d6780000)
 ParOldGen       total 68608K, used 31147K [0x0000000080000000, 0x0000000084300000, 0x00000000d5580000)
  object space 68608K, 45% used [0x0000000080000000,0x0000000081e6ae18,0x0000000084300000)
 Metaspace       used 34731K, committed 35648K, reserved 1114112K
  class space    used 3610K, committed 4032K, reserved 1048576K
}
Event: 103.710 GC heap after
{Heap after GC invocations=21 (full 1):
 PSYoungGen      total 14848K, used 512K [0x00000000d5580000, 0x00000000d6780000, 0x0000000100000000)
  eden space 14336K, 0% used [0x00000000d5580000,0x00000000d5580000,0x00000000d6380000)
  from space 512K, 100% used [0x00000000d6700000,0x00000000d6780000,0x00000000d6780000)
  to   space 1536K, 0% used [0x00000000d6480000,0x00000000d6480000,0x00000000d6600000)
 ParOldGen       total 68608K, used 31746K [0x0000000080000000, 0x0000000084300000, 0x00000000d5580000)
  object space 68608K, 46% used [0x0000000080000000,0x0000000081f00b18,0x0000000084300000)
 Metaspace       used 34731K, committed 35648K, reserved 1114112K
  class space    used 3610K, committed 4032K, reserved 1048576K
}
Event: 103.905 GC heap before
{Heap before GC invocations=22 (full 1):
 PSYoungGen      total 14848K, used 2921K [0x00000000d5580000, 0x00000000d6780000, 0x0000000100000000)
  eden space 14336K, 16% used [0x00000000d5580000,0x00000000d57da7b0,0x00000000d6380000)
  from space 512K, 100% used [0x00000000d6700000,0x00000000d6780000,0x00000000d6780000)
  to   space 1536K, 0% used [0x00000000d6480000,0x00000000d6480000,0x00000000d6600000)
 ParOldGen       total 68608K, used 31746K [0x0000000080000000, 0x0000000084300000, 0x00000000d5580000)
  object space 68608K, 46% used [0x0000000080000000,0x0000000081f00b18,0x0000000084300000)
 Metaspace       used 35005K, committed 35840K, reserved 1114112K
  class space    used 3648K, committed 4032K, reserved 1048576K
}
Event: 103.906 GC heap after
{Heap after GC invocations=22 (full 1):
 PSYoungGen      total 15872K, used 320K [0x00000000d5580000, 0x00000000d6780000, 0x0000000100000000)
  eden space 14336K, 0% used [0x00000000d5580000,0x00000000d5580000,0x00000000d6380000)
  from space 1536K, 20% used [0x00000000d6480000,0x00000000d64d0000,0x00000000d6600000)
  to   space 1024K, 0% used [0x00000000d6680000,0x00000000d6680000,0x00000000d6780000)
 ParOldGen       total 68608K, used 32290K [0x0000000080000000, 0x0000000084300000, 0x00000000d5580000)
  object space 68608K, 47% used [0x0000000080000000,0x0000000081f88b18,0x0000000084300000)
 Metaspace       used 35005K, committed 35840K, reserved 1114112K
  class space    used 3648K, committed 4032K, reserved 1048576K
}
Event: 103.906 GC heap before
{Heap before GC invocations=23 (full 2):
 PSYoungGen      total 15872K, used 320K [0x00000000d5580000, 0x00000000d6780000, 0x0000000100000000)
  eden space 14336K, 0% used [0x00000000d5580000,0x00000000d5580000,0x00000000d6380000)
  from space 1536K, 20% used [0x00000000d6480000,0x00000000d64d0000,0x00000000d6600000)
  to   space 1024K, 0% used [0x00000000d6680000,0x00000000d6680000,0x00000000d6780000)
 ParOldGen       total 68608K, used 32290K [0x0000000080000000, 0x0000000084300000, 0x00000000d5580000)
  object space 68608K, 47% used [0x0000000080000000,0x0000000081f88b18,0x0000000084300000)
 Metaspace       used 35005K, committed 35840K, reserved 1114112K
  class space    used 3648K, committed 4032K, reserved 1048576K
}
Event: 103.999 GC heap after
{Heap after GC invocations=23 (full 2):
 PSYoungGen      total 15872K, used 0K [0x00000000d5580000, 0x00000000d6780000, 0x0000000100000000)
  eden space 14336K, 0% used [0x00000000d5580000,0x00000000d5580000,0x00000000d6380000)
  from space 1536K, 0% used [0x00000000d6480000,0x00000000d6480000,0x00000000d6600000)
  to   space 1024K, 0% used [0x00000000d6680000,0x00000000d6680000,0x00000000d6780000)
 ParOldGen       total 68608K, used 31668K [0x0000000080000000, 0x0000000084300000, 0x00000000d5580000)
  object space 68608K, 46% used [0x0000000080000000,0x0000000081eed108,0x0000000084300000)
 Metaspace       used 35001K, committed 35840K, reserved 1114112K
  class space    used 3647K, committed 4032K, reserved 1048576K
}
Event: 105.588 GC heap before
{Heap before GC invocations=24 (full 2):
 PSYoungGen      total 15872K, used 14336K [0x00000000d5580000, 0x00000000d6780000, 0x0000000100000000)
  eden space 14336K, 100% used [0x00000000d5580000,0x00000000d6380000,0x00000000d6380000)
  from space 1536K, 0% used [0x00000000d6480000,0x00000000d6480000,0x00000000d6600000)
  to   space 1024K, 0% used [0x00000000d6680000,0x00000000d6680000,0x00000000d6780000)
 ParOldGen       total 68608K, used 31668K [0x0000000080000000, 0x0000000084300000, 0x00000000d5580000)
  object space 68608K, 46% used [0x0000000080000000,0x0000000081eed108,0x0000000084300000)
 Metaspace       used 36582K, committed 37504K, reserved 1114112K
  class space    used 3861K, committed 4288K, reserved 1048576K
}
Event: 105.590 GC heap after
{Heap after GC invocations=24 (full 2):
 PSYoungGen      total 15360K, used 1024K [0x00000000d5580000, 0x00000000d6780000, 0x0000000100000000)
  eden space 14336K, 0% used [0x00000000d5580000,0x00000000d5580000,0x00000000d6380000)
  from space 1024K, 100% used [0x00000000d6680000,0x00000000d6780000,0x00000000d6780000)
  to   space 1536K, 0% used [0x00000000d6480000,0x00000000d6480000,0x00000000d6600000)
 ParOldGen       total 68608K, used 31700K [0x0000000080000000, 0x0000000084300000, 0x00000000d5580000)
  object space 68608K, 46% used [0x0000000080000000,0x0000000081ef5108,0x0000000084300000)
 Metaspace       used 36582K, committed 37504K, reserved 1114112K
  class space    used 3861K, committed 4288K, reserved 1048576K
}
Event: 106.460 GC heap before
{Heap before GC invocations=25 (full 2):
 PSYoungGen      total 15360K, used 15360K [0x00000000d5580000, 0x00000000d6780000, 0x0000000100000000)
  eden space 14336K, 100% used [0x00000000d5580000,0x00000000d6380000,0x00000000d6380000)
  from space 1024K, 100% used [0x00000000d6680000,0x00000000d6780000,0x00000000d6780000)
  to   space 1536K, 0% used [0x00000000d6480000,0x00000000d6480000,0x00000000d6600000)
 ParOldGen       total 68608K, used 31700K [0x0000000080000000, 0x0000000084300000, 0x00000000d5580000)
  object space 68608K, 46% used [0x0000000080000000,0x0000000081ef5108,0x0000000084300000)
 Metaspace       used 38460K, committed 39360K, reserved 1114112K
  class space    used 4077K, committed 4480K, reserved 1048576K
}
Event: 106.464 GC heap after
{Heap after GC invocations=25 (full 2):
 PSYoungGen      total 15872K, used 1165K [0x00000000d5580000, 0x00000000d6700000, 0x0000000100000000)
  eden space 14336K, 0% used [0x00000000d5580000,0x00000000d5580000,0x00000000d6380000)
  from space 1536K, 75% used [0x00000000d6480000,0x00000000d65a35e0,0x00000000d6600000)
  to   space 1024K, 0% used [0x00000000d6600000,0x00000000d6600000,0x00000000d6700000)
 ParOldGen       total 68608K, used 32644K [0x0000000080000000, 0x0000000084300000, 0x00000000d5580000)
  object space 68608K, 47% used [0x0000000080000000,0x0000000081fe1138,0x0000000084300000)
 Metaspace       used 38460K, committed 39360K, reserved 1114112K
  class space    used 4077K, committed 4480K, reserved 1048576K
}
Event: 107.806 GC heap before
{Heap before GC invocations=26 (full 2):
 PSYoungGen      total 15872K, used 15501K [0x00000000d5580000, 0x00000000d6700000, 0x0000000100000000)
  eden space 14336K, 99% used [0x00000000d5580000,0x00000000d637ffd8,0x00000000d6380000)
  from space 1536K, 75% used [0x00000000d6480000,0x00000000d65a35e0,0x00000000d6600000)
  to   space 1024K, 0% used [0x00000000d6600000,0x00000000d6600000,0x00000000d6700000)
 ParOldGen       total 68608K, used 32644K [0x0000000080000000, 0x0000000084300000, 0x00000000d5580000)
  object space 68608K, 47% used [0x0000000080000000,0x0000000081fe1138,0x0000000084300000)
 Metaspace       used 40348K, committed 41344K, reserved 1114112K
  class space    used 4309K, committed 4800K, reserved 1048576K
}
Event: 107.852 GC heap after
{Heap after GC invocations=26 (full 2):
 PSYoungGen      total 15360K, used 1024K [0x00000000d5580000, 0x00000000d6880000, 0x0000000100000000)
  eden space 14336K, 0% used [0x00000000d5580000,0x00000000d5580000,0x00000000d6380000)
  from space 1024K, 100% used [0x00000000d6600000,0x00000000d6700000,0x00000000d6700000)
  to   space 2560K, 0% used [0x00000000d6380000,0x00000000d6380000,0x00000000d6600000)
 ParOldGen       total 68608K, used 33720K [0x0000000080000000, 0x0000000084300000, 0x00000000d5580000)
  object space 68608K, 49% used [0x0000000080000000,0x00000000820ee238,0x0000000084300000)
 Metaspace       used 40348K, committed 41344K, reserved 1114112K
  class space    used 4309K, committed 4800K, reserved 1048576K
}
Event: 109.325 GC heap before
{Heap before GC invocations=27 (full 2):
 PSYoungGen      total 15360K, used 15360K [0x00000000d5580000, 0x00000000d6880000, 0x0000000100000000)
  eden space 14336K, 100% used [0x00000000d5580000,0x00000000d6380000,0x00000000d6380000)
  from space 1024K, 100% used [0x00000000d6600000,0x00000000d6700000,0x00000000d6700000)
  to   space 2560K, 0% used [0x00000000d6380000,0x00000000d6380000,0x00000000d6600000)
 ParOldGen       total 68608K, used 33720K [0x0000000080000000, 0x0000000084300000, 0x00000000d5580000)
  object space 68608K, 49% used [0x0000000080000000,0x00000000820ee238,0x0000000084300000)
 Metaspace       used 41335K, committed 42496K, reserved 1114112K
  class space    used 4426K, committed 4928K, reserved 1048576K
}
Event: 109.327 GC heap after
{Heap after GC invocations=27 (full 2):
 PSYoungGen      total 15872K, used 1236K [0x00000000d5580000, 0x00000000d6780000, 0x0000000100000000)
  eden space 14336K, 0% used [0x00000000d5580000,0x00000000d5580000,0x00000000d6380000)
  from space 1536K, 80% used [0x00000000d6380000,0x00000000d64b50e8,0x00000000d6500000)
  to   space 2048K, 0% used [0x00000000d6580000,0x00000000d6580000,0x00000000d6780000)
 ParOldGen       total 68608K, used 34609K [0x0000000080000000, 0x0000000084300000, 0x00000000d5580000)
  object space 68608K, 50% used [0x0000000080000000,0x00000000821cc408,0x0000000084300000)
 Metaspace       used 41335K, committed 42496K, reserved 1114112K
  class space    used 4426K, committed 4928K, reserved 1048576K
}
Event: 109.547 GC heap before
{Heap before GC invocations=28 (full 2):
 PSYoungGen      total 15872K, used 15572K [0x00000000d5580000, 0x00000000d6780000, 0x0000000100000000)
  eden space 14336K, 100% used [0x00000000d5580000,0x00000000d6380000,0x00000000d6380000)
  from space 1536K, 80% used [0x00000000d6380000,0x00000000d64b50e8,0x00000000d6500000)
  to   space 2048K, 0% used [0x00000000d6580000,0x00000000d6580000,0x00000000d6780000)
 ParOldGen       total 68608K, used 34609K [0x0000000080000000, 0x0000000084300000, 0x00000000d5580000)
  object space 68608K, 50% used [0x0000000080000000,0x00000000821cc408,0x0000000084300000)
 Metaspace       used 42889K, committed 44096K, reserved 1114112K
  class space    used 4619K, committed 5184K, reserved 1048576K
}
Event: 109.549 GC heap after
{Heap after GC invocations=28 (full 2):
 PSYoungGen      total 16384K, used 1752K [0x00000000d5580000, 0x00000000d6780000, 0x0000000100000000)
  eden space 14336K, 0% used [0x00000000d5580000,0x00000000d5580000,0x00000000d6380000)
  from space 2048K, 85% used [0x00000000d6580000,0x00000000d6736030,0x00000000d6780000)
  to   space 2048K, 0% used [0x00000000d6380000,0x00000000d6380000,0x00000000d6580000)
 ParOldGen       total 68608K, used 35677K [0x0000000080000000, 0x0000000084300000, 0x00000000d5580000)
  object space 68608K, 52% used [0x0000000080000000,0x00000000822d7500,0x0000000084300000)
 Metaspace       used 42889K, committed 44096K, reserved 1114112K
  class space    used 4619K, committed 5184K, reserved 1048576K
}
Event: 110.110 GC heap before
{Heap before GC invocations=29 (full 2):
 PSYoungGen      total 16384K, used 16085K [0x00000000d5580000, 0x00000000d6780000, 0x0000000100000000)
  eden space 14336K, 99% used [0x00000000d5580000,0x00000000d637f780,0x00000000d6380000)
  from space 2048K, 85% used [0x00000000d6580000,0x00000000d6736030,0x00000000d6780000)
  to   space 2048K, 0% used [0x00000000d6380000,0x00000000d6380000,0x00000000d6580000)
 ParOldGen       total 68608K, used 35677K [0x0000000080000000, 0x0000000084300000, 0x00000000d5580000)
  object space 68608K, 52% used [0x0000000080000000,0x00000000822d7500,0x0000000084300000)
 Metaspace       used 43228K, committed 44352K, reserved 1114112K
  class space    used 4648K, committed 5184K, reserved 1048576K
}
Event: 110.113 GC heap after
{Heap after GC invocations=29 (full 2):
 PSYoungGen      total 15360K, used 704K [0x00000000d5580000, 0x00000000d6680000, 0x0000000100000000)
  eden space 14336K, 0% used [0x00000000d5580000,0x00000000d5580000,0x00000000d6380000)
  from space 1024K, 68% used [0x00000000d6380000,0x00000000d6430000,0x00000000d6480000)
  to   space 1536K, 0% used [0x00000000d6500000,0x00000000d6500000,0x00000000d6680000)
 ParOldGen       total 68608K, used 36965K [0x0000000080000000, 0x0000000084300000, 0x00000000d5580000)
  object space 68608K, 53% used [0x0000000080000000,0x0000000082419520,0x0000000084300000)
 Metaspace       used 43228K, committed 44352K, reserved 1114112K
  class space    used 4648K, committed 5184K, reserved 1048576K
}

