# JRE version: OpenJDK Runtime Environment Temurin-21.0.10+7 (21.0.10+7) (build 21.0.10+7-LTS)
# Java VM: OpenJDK 64-Bit Server VM Temurin-21.0.10+7 (21.0.10+7-LTS, mixed mode, sharing, tiered, compressed oops, compressed class ptrs, g1 gc, windows-amd64)
GC Precious Log:
 CardTable entry size: 512
 Card Set container configuration: InlinePtr #cards 4 size 8 Array Of Cards #cards 16 size 48 Howl #buckets 8 coarsen threshold 3686 Howl Bitmap #cards 512 size 80 coarsen threshold 460 Card regions per heap region 1 cards per card region 4096
 CPUs: 8 total, 8 available
 Memory: 16242M
 Large Page Support: Disabled
 NUMA Support: Disabled
 Compressed Oops: Enabled (Zero based)
 Heap Region Size: 2M
 Heap Min Capacity: 8M
 Heap Initial Capacity: 254M
 Heap Max Capacity: 3G
 Pre-touch: Disabled
 Parallel Workers: 8
 Concurrent Workers: 2
 Concurrent Refinement Workers: 8
 Periodic GC: Disabled
Heap:
 garbage-first heap   total 90112K, used 65906K [0x0000000740000000, 0x0000000800000000)
  region size 2048K, 15 young (30720K), 3 survivors (6144K)
 Metaspace       used 56644K, committed 58560K, reserved 1114112K
  class space    used 8279K, committed 9216K, reserved 1048576K
GC Heap History (20 events):
Event: 3.512 GC heap before
{Heap before GC invocations=2 (full 0):
 garbage-first heap   total 260096K, used 99913K [0x0000000740000000, 0x0000000800000000)
  region size 2048K, 47 young (96256K), 3 survivors (6144K)
 Metaspace       used 14115K, committed 14528K, reserved 1114112K
  class space    used 1966K, committed 2176K, reserved 1048576K
}
Event: 3.520 GC heap after
{Heap after GC invocations=3 (full 0):
 garbage-first heap   total 260096K, used 20994K [0x0000000740000000, 0x0000000800000000)
  region size 2048K, 6 young (12288K), 6 survivors (12288K)
 Metaspace       used 14115K, committed 14528K, reserved 1114112K
  class space    used 1966K, committed 2176K, reserved 1048576K
}
Event: 5.039 GC heap before
{Heap before GC invocations=3 (full 0):
 garbage-first heap   total 260096K, used 72194K [0x0000000740000000, 0x0000000800000000)
  region size 2048K, 32 young (65536K), 6 survivors (12288K)
 Metaspace       used 20878K, committed 21504K, reserved 1114112K
  class space    used 3093K, committed 3392K, reserved 1048576K
}
Event: 5.057 GC heap after
{Heap after GC invocations=4 (full 0):
 garbage-first heap   total 260096K, used 24755K [0x0000000740000000, 0x0000000800000000)
  region size 2048K, 5 young (10240K), 5 survivors (10240K)
 Metaspace       used 20878K, committed 21504K, reserved 1114112K
  class space    used 3093K, committed 3392K, reserved 1048576K
}
Event: 6.302 GC heap before
{Heap before GC invocations=5 (full 0):
 garbage-first heap   total 90112K, used 67763K [0x0000000740000000, 0x0000000800000000)
  region size 2048K, 26 young (53248K), 5 survivors (10240K)
 Metaspace       used 26501K, committed 27520K, reserved 1114112K
  class space    used 3977K, committed 4480K, reserved 1048576K
}
Event: 6.309 GC heap after
{Heap after GC invocations=6 (full 0):
 garbage-first heap   total 90112K, used 27505K [0x0000000740000000, 0x0000000800000000)
  region size 2048K, 3 young (6144K), 3 survivors (6144K)
 Metaspace       used 26501K, committed 27520K, reserved 1114112K
  class space    used 3977K, committed 4480K, reserved 1048576K
}
Event: 7.834 GC heap before
{Heap before GC invocations=6 (full 0):
 garbage-first heap   total 90112K, used 68465K [0x0000000740000000, 0x0000000800000000)
  region size 2048K, 24 young (49152K), 3 survivors (6144K)
 Metaspace       used 32181K, committed 33152K, reserved 1114112K
  class space    used 4594K, committed 5056K, reserved 1048576K
}
Event: 7.843 GC heap after
{Heap after GC invocations=7 (full 0):
 garbage-first heap   total 90112K, used 32294K [0x0000000740000000, 0x0000000800000000)
  region size 2048K, 3 young (6144K), 3 survivors (6144K)
 Metaspace       used 32181K, committed 33152K, reserved 1114112K
  class space    used 4594K, committed 5056K, reserved 1048576K
}
Event: 8.893 GC heap before
{Heap before GC invocations=7 (full 0):
 garbage-first heap   total 90112K, used 58918K [0x0000000740000000, 0x0000000800000000)
  region size 2048K, 16 young (32768K), 3 survivors (6144K)
 Metaspace       used 34969K, committed 35968K, reserved 1114112K
  class space    used 5027K, committed 5504K, reserved 1048576K
}
Event: 8.898 GC heap after
{Heap after GC invocations=8 (full 0):
 garbage-first heap   total 90112K, used 37738K [0x0000000740000000, 0x0000000800000000)
  region size 2048K, 2 young (4096K), 2 survivors (4096K)
 Metaspace       used 34969K, committed 35968K, reserved 1114112K
  class space    used 5027K, committed 5504K, reserved 1048576K
}
Event: 11.193 GC heap before
{Heap before GC invocations=9 (full 0):
 garbage-first heap   total 90112K, used 74602K [0x0000000740000000, 0x0000000800000000)
  region size 2048K, 20 young (40960K), 2 survivors (4096K)
 Metaspace       used 39429K, committed 40832K, reserved 1114112K
  class space    used 5709K, committed 6400K, reserved 1048576K
}
Event: 11.198 GC heap after
{Heap after GC invocations=10 (full 0):
 garbage-first heap   total 90112K, used 37719K [0x0000000740000000, 0x0000000800000000)
  region size 2048K, 3 young (6144K), 3 survivors (6144K)
 Metaspace       used 39429K, committed 40832K, reserved 1114112K
  class space    used 5709K, committed 6400K, reserved 1048576K
}
Event: 13.030 GC heap before
{Heap before GC invocations=10 (full 0):
 garbage-first heap   total 90112K, used 72535K [0x0000000740000000, 0x0000000800000000)
  region size 2048K, 21 young (43008K), 3 survivors (6144K)
 Metaspace       used 41634K, committed 43072K, reserved 1114112K
  class space    used 5935K, committed 6656K, reserved 1048576K
}
Event: 13.035 GC heap after
{Heap after GC invocations=11 (full 0):
 garbage-first heap   total 90112K, used 37612K [0x0000000740000000, 0x0000000800000000)
  region size 2048K, 2 young (4096K), 2 survivors (4096K)
 Metaspace       used 41634K, committed 43072K, reserved 1114112K
  class space    used 5935K, committed 6656K, reserved 1048576K
}
Event: 15.648 GC heap before
{Heap before GC invocations=11 (full 0):
 garbage-first heap   total 90112K, used 76524K [0x0000000740000000, 0x0000000800000000)
  region size 2048K, 21 young (43008K), 2 survivors (4096K)
 Metaspace       used 45339K, committed 46976K, reserved 1114112K
  class space    used 6550K, committed 7360K, reserved 1048576K
}
Event: 15.654 GC heap after
{Heap after GC invocations=12 (full 0):
 garbage-first heap   total 90112K, used 40028K [0x0000000740000000, 0x0000000800000000)
  region size 2048K, 3 young (6144K), 3 survivors (6144K)
 Metaspace       used 45339K, committed 46976K, reserved 1114112K
  class space    used 6550K, committed 7360K, reserved 1048576K
}
Event: 18.783 GC heap before
{Heap before GC invocations=12 (full 0):
 garbage-first heap   total 90112K, used 76892K [0x0000000740000000, 0x0000000800000000)
  region size 2048K, 22 young (45056K), 3 survivors (6144K)
 Metaspace       used 49518K, committed 51200K, reserved 1114112K
  class space    used 7189K, committed 8000K, reserved 1048576K
}
Event: 18.788 GC heap after
{Heap after GC invocations=13 (full 0):
 garbage-first heap   total 90112K, used 42940K [0x0000000740000000, 0x0000000800000000)
  region size 2048K, 3 young (6144K), 3 survivors (6144K)
 Metaspace       used 49518K, committed 51200K, reserved 1114112K
  class space    used 7189K, committed 8000K, reserved 1048576K
}
Event: 20.177 GC heap before
{Heap before GC invocations=13 (full 0):
 garbage-first heap   total 90112K, used 79804K [0x0000000740000000, 0x0000000800000000)
  region size 2048K, 21 young (43008K), 3 survivors (6144K)
 Metaspace       used 54226K, committed 55936K, reserved 1114112K
  class space    used 7860K, committed 8704K, reserved 1048576K
}
Event: 20.183 GC heap after
{Heap after GC invocations=14 (full 0):
 garbage-first heap   total 90112K, used 45426K [0x0000000740000000, 0x0000000800000000)
  region size 2048K, 3 young (6144K), 3 survivors (6144K)
 Metaspace       used 54226K, committed 55936K, reserved 1114112K
  class space    used 7860K, committed 8704K, reserved 1048576K
}

