# JRE version: OpenJDK Runtime Environment Temurin-21.0.10+7 (21.0.10+7) (build 21.0.10+7-LTS)
# Java VM: OpenJDK 64-Bit Server VM Temurin-21.0.10+7 (21.0.10+7-LTS, mixed mode, sharing, tiered, compressed oops, compressed class ptrs, parallel gc, windows-amd64)
GC Precious Log:
 CardTable entry size: 512
 CPUs: 8 total, 8 available
 Memory: 16242M
 Large Page Support: Disabled
 NUMA Support: Disabled
 Compressed Oops: Enabled (32-bit)
 Alignments: Space 512K, Generation 512K, Heap 2M
 Heap Min Capacity: 100M
 Heap Initial Capacity: 100M
 Heap Max Capacity: 2G
 Pre-touch: Disabled
 Parallel Workers: 8
Heap:
 PSYoungGen      total 3072K, used 1638K [0x00000000d5580000, 0x00000000d5980000, 0x0000000100000000)
  eden space 2560K, 54% used [0x00000000d5580000,0x00000000d56d99f0,0x00000000d5800000)
  from space 512K, 50% used [0x00000000d5900000,0x00000000d5940000,0x00000000d5980000)
  to   space 512K, 0% used [0x00000000d5800000,0x00000000d5800000,0x00000000d5880000)
 ParOldGen       total 217600K, used 217147K [0x0000000080000000, 0x000000008d480000, 0x00000000d5580000)
  object space 217600K, 99% used [0x0000000080000000,0x000000008d40eee0,0x000000008d480000)
 Metaspace       used 71833K, committed 73408K, reserved 1114112K
  class space    used 8278K, committed 8960K, reserved 1048576K
GC Heap History (20 events):
Event: 1221.168 GC heap before
{Heap before GC invocations=738 (full 3):
 PSYoungGen      total 3072K, used 2752K [0x00000000d5580000, 0x00000000d5980000, 0x0000000100000000)
  eden space 2560K, 100% used [0x00000000d5580000,0x00000000d5800000,0x00000000d5800000)
  from space 512K, 37% used [0x00000000d5900000,0x00000000d5930000,0x00000000d5980000)
  to   space 512K, 0% used [0x00000000d5800000,0x00000000d5800000,0x00000000d5880000)
 ParOldGen       total 216064K, used 215931K [0x0000000080000000, 0x000000008d300000, 0x00000000d5580000)
  object space 216064K, 99% used [0x0000000080000000,0x000000008d2dee98,0x000000008d300000)
 Metaspace       used 71493K, committed 72960K, reserved 1114112K
  class space    used 8241K, committed 8896K, reserved 1048576K
}
Event: 1221.170 GC heap after
{Heap after GC invocations=738 (full 3):
 PSYoungGen      total 3072K, used 290K [0x00000000d5580000, 0x00000000d5980000, 0x0000000100000000)
  eden space 2560K, 0% used [0x00000000d5580000,0x00000000d5580000,0x00000000d5800000)
  from space 512K, 56% used [0x00000000d5800000,0x00000000d58489a8,0x00000000d5880000)
  to   space 512K, 0% used [0x00000000d5900000,0x00000000d5900000,0x00000000d5980000)
 ParOldGen       total 216576K, used 216334K [0x0000000080000000, 0x000000008d380000, 0x00000000d5580000)
  object space 216576K, 99% used [0x0000000080000000,0x000000008d3439b8,0x000000008d380000)
 Metaspace       used 71493K, committed 72960K, reserved 1114112K
  class space    used 8241K, committed 8896K, reserved 1048576K
}
Event: 1221.185 GC heap before
{Heap before GC invocations=739 (full 3):
 PSYoungGen      total 3072K, used 2850K [0x00000000d5580000, 0x00000000d5980000, 0x0000000100000000)
  eden space 2560K, 100% used [0x00000000d5580000,0x00000000d5800000,0x00000000d5800000)
  from space 512K, 56% used [0x00000000d5800000,0x00000000d58489a8,0x00000000d5880000)
  to   space 512K, 0% used [0x00000000d5900000,0x00000000d5900000,0x00000000d5980000)
 ParOldGen       total 216576K, used 216334K [0x0000000080000000, 0x000000008d380000, 0x00000000d5580000)
  object space 216576K, 99% used [0x0000000080000000,0x000000008d3439b8,0x000000008d380000)
 Metaspace       used 71493K, committed 72960K, reserved 1114112K
  class space    used 8241K, committed 8896K, reserved 1048576K
}
Event: 1221.186 GC heap after
{Heap after GC invocations=739 (full 3):
 PSYoungGen      total 3072K, used 160K [0x00000000d5580000, 0x00000000d5980000, 0x0000000100000000)
  eden space 2560K, 0% used [0x00000000d5580000,0x00000000d5580000,0x00000000d5800000)
  from space 512K, 31% used [0x00000000d5900000,0x00000000d5928000,0x00000000d5980000)
  to   space 512K, 0% used [0x00000000d5800000,0x00000000d5800000,0x00000000d5880000)
 ParOldGen       total 216576K, used 216470K [0x0000000080000000, 0x000000008d380000, 0x00000000d5580000)
  object space 216576K, 99% used [0x0000000080000000,0x000000008d365a60,0x000000008d380000)
 Metaspace       used 71493K, committed 72960K, reserved 1114112K
  class space    used 8241K, committed 8896K, reserved 1048576K
}
Event: 1221.200 GC heap before
{Heap before GC invocations=740 (full 3):
 PSYoungGen      total 3072K, used 2720K [0x00000000d5580000, 0x00000000d5980000, 0x0000000100000000)
  eden space 2560K, 100% used [0x00000000d5580000,0x00000000d5800000,0x00000000d5800000)
  from space 512K, 31% used [0x00000000d5900000,0x00000000d5928000,0x00000000d5980000)
  to   space 512K, 0% used [0x00000000d5800000,0x00000000d5800000,0x00000000d5880000)
 ParOldGen       total 216576K, used 216470K [0x0000000080000000, 0x000000008d380000, 0x00000000d5580000)
  object space 216576K, 99% used [0x0000000080000000,0x000000008d365a60,0x000000008d380000)
 Metaspace       used 71493K, committed 72960K, reserved 1114112K
  class space    used 8241K, committed 8896K, reserved 1048576K
}
Event: 1221.201 GC heap after
{Heap after GC invocations=740 (full 3):
 PSYoungGen      total 3072K, used 160K [0x00000000d5580000, 0x00000000d5980000, 0x0000000100000000)
  eden space 2560K, 0% used [0x00000000d5580000,0x00000000d5580000,0x00000000d5800000)
  from space 512K, 31% used [0x00000000d5800000,0x00000000d5828000,0x00000000d5880000)
  to   space 512K, 0% used [0x00000000d5900000,0x00000000d5900000,0x00000000d5980000)
 ParOldGen       total 216576K, used 216534K [0x0000000080000000, 0x000000008d380000, 0x00000000d5580000)
  object space 216576K, 99% used [0x0000000080000000,0x000000008d375a60,0x000000008d380000)
 Metaspace       used 71493K, committed 72960K, reserved 1114112K
  class space    used 8241K, committed 8896K, reserved 1048576K
}
Event: 1221.219 GC heap before
{Heap before GC invocations=741 (full 3):
 PSYoungGen      total 3072K, used 2720K [0x00000000d5580000, 0x00000000d5980000, 0x0000000100000000)
  eden space 2560K, 100% used [0x00000000d5580000,0x00000000d5800000,0x00000000d5800000)
  from space 512K, 31% used [0x00000000d5800000,0x00000000d5828000,0x00000000d5880000)
  to   space 512K, 0% used [0x00000000d5900000,0x00000000d5900000,0x00000000d5980000)
 ParOldGen       total 216576K, used 216534K [0x0000000080000000, 0x000000008d380000, 0x00000000d5580000)
  object space 216576K, 99% used [0x0000000080000000,0x000000008d375a60,0x000000008d380000)
 Metaspace       used 71493K, committed 72960K, reserved 1114112K
  class space    used 8241K, committed 8896K, reserved 1048576K
}
Event: 1221.221 GC heap after
{Heap after GC invocations=741 (full 3):
 PSYoungGen      total 3072K, used 160K [0x00000000d5580000, 0x00000000d5980000, 0x0000000100000000)
  eden space 2560K, 0% used [0x00000000d5580000,0x00000000d5580000,0x00000000d5800000)
  from space 512K, 31% used [0x00000000d5900000,0x00000000d5928000,0x00000000d5980000)
  to   space 512K, 0% used [0x00000000d5800000,0x00000000d5800000,0x00000000d5880000)
 ParOldGen       total 217088K, used 216606K [0x0000000080000000, 0x000000008d400000, 0x00000000d5580000)
  object space 217088K, 99% used [0x0000000080000000,0x000000008d387a60,0x000000008d400000)
 Metaspace       used 71493K, committed 72960K, reserved 1114112K
  class space    used 8241K, committed 8896K, reserved 1048576K
}
Event: 1221.254 GC heap before
{Heap before GC invocations=742 (full 3):
 PSYoungGen      total 3072K, used 2720K [0x00000000d5580000, 0x00000000d5980000, 0x0000000100000000)
  eden space 2560K, 100% used [0x00000000d5580000,0x00000000d5800000,0x00000000d5800000)
  from space 512K, 31% used [0x00000000d5900000,0x00000000d5928000,0x00000000d5980000)
  to   space 512K, 0% used [0x00000000d5800000,0x00000000d5800000,0x00000000d5880000)
 ParOldGen       total 217088K, used 216606K [0x0000000080000000, 0x000000008d400000, 0x00000000d5580000)
  object space 217088K, 99% used [0x0000000080000000,0x000000008d387a60,0x000000008d400000)
 Metaspace       used 71493K, committed 72960K, reserved 1114112K
  class space    used 8241K, committed 8896K, reserved 1048576K
}
Event: 1221.255 GC heap after
{Heap after GC invocations=742 (full 3):
 PSYoungGen      total 3072K, used 256K [0x00000000d5580000, 0x00000000d5980000, 0x0000000100000000)
  eden space 2560K, 0% used [0x00000000d5580000,0x00000000d5580000,0x00000000d5800000)
  from space 512K, 50% used [0x00000000d5800000,0x00000000d5840000,0x00000000d5880000)
  to   space 512K, 0% used [0x00000000d5900000,0x00000000d5900000,0x00000000d5980000)
 ParOldGen       total 217088K, used 216686K [0x0000000080000000, 0x000000008d400000, 0x00000000d5580000)
  object space 217088K, 99% used [0x0000000080000000,0x000000008d39ba60,0x000000008d400000)
 Metaspace       used 71493K, committed 72960K, reserved 1114112K
  class space    used 8241K, committed 8896K, reserved 1048576K
}
Event: 1221.271 GC heap before
{Heap before GC invocations=743 (full 3):
 PSYoungGen      total 3072K, used 2816K [0x00000000d5580000, 0x00000000d5980000, 0x0000000100000000)
  eden space 2560K, 100% used [0x00000000d5580000,0x00000000d5800000,0x00000000d5800000)
  from space 512K, 50% used [0x00000000d5800000,0x00000000d5840000,0x00000000d5880000)
  to   space 512K, 0% used [0x00000000d5900000,0x00000000d5900000,0x00000000d5980000)
 ParOldGen       total 217088K, used 216686K [0x0000000080000000, 0x000000008d400000, 0x00000000d5580000)
  object space 217088K, 99% used [0x0000000080000000,0x000000008d39ba60,0x000000008d400000)
 Metaspace       used 71493K, committed 72960K, reserved 1114112K
  class space    used 8241K, committed 8896K, reserved 1048576K
}
Event: 1221.273 GC heap after
{Heap after GC invocations=743 (full 3):
 PSYoungGen      total 3072K, used 160K [0x00000000d5580000, 0x00000000d5980000, 0x0000000100000000)
  eden space 2560K, 0% used [0x00000000d5580000,0x00000000d5580000,0x00000000d5800000)
  from space 512K, 31% used [0x00000000d5900000,0x00000000d5928000,0x00000000d5980000)
  to   space 512K, 0% used [0x00000000d5800000,0x00000000d5800000,0x00000000d5880000)
 ParOldGen       total 217088K, used 216758K [0x0000000080000000, 0x000000008d400000, 0x00000000d5580000)
  object space 217088K, 99% used [0x0000000080000000,0x000000008d3ada60,0x000000008d400000)
 Metaspace       used 71493K, committed 72960K, reserved 1114112K
  class space    used 8241K, committed 8896K, reserved 1048576K
}
Event: 1221.295 GC heap before
{Heap before GC invocations=744 (full 3):
 PSYoungGen      total 3072K, used 2720K [0x00000000d5580000, 0x00000000d5980000, 0x0000000100000000)
  eden space 2560K, 100% used [0x00000000d5580000,0x00000000d5800000,0x00000000d5800000)
  from space 512K, 31% used [0x00000000d5900000,0x00000000d5928000,0x00000000d5980000)
  to   space 512K, 0% used [0x00000000d5800000,0x00000000d5800000,0x00000000d5880000)
 ParOldGen       total 217088K, used 216758K [0x0000000080000000, 0x000000008d400000, 0x00000000d5580000)
  object space 217088K, 99% used [0x0000000080000000,0x000000008d3ada60,0x000000008d400000)
 Metaspace       used 71493K, committed 72960K, reserved 1114112K
  class space    used 8241K, committed 8896K, reserved 1048576K
}
Event: 1221.296 GC heap after
{Heap after GC invocations=744 (full 3):
 PSYoungGen      total 3072K, used 224K [0x00000000d5580000, 0x00000000d5980000, 0x0000000100000000)
  eden space 2560K, 0% used [0x00000000d5580000,0x00000000d5580000,0x00000000d5800000)
  from space 512K, 43% used [0x00000000d5800000,0x00000000d5838000,0x00000000d5880000)
  to   space 512K, 0% used [0x00000000d5900000,0x00000000d5900000,0x00000000d5980000)
 ParOldGen       total 217088K, used 216822K [0x0000000080000000, 0x000000008d400000, 0x00000000d5580000)
  object space 217088K, 99% used [0x0000000080000000,0x000000008d3bda60,0x000000008d400000)
 Metaspace       used 71493K, committed 72960K, reserved 1114112K
  class space    used 8241K, committed 8896K, reserved 1048576K
}
Event: 1221.393 GC heap before
{Heap before GC invocations=745 (full 3):
 PSYoungGen      total 3072K, used 2784K [0x00000000d5580000, 0x00000000d5980000, 0x0000000100000000)
  eden space 2560K, 100% used [0x00000000d5580000,0x00000000d5800000,0x00000000d5800000)
  from space 512K, 43% used [0x00000000d5800000,0x00000000d5838000,0x00000000d5880000)
  to   space 512K, 0% used [0x00000000d5900000,0x00000000d5900000,0x00000000d5980000)
 ParOldGen       total 217088K, used 216822K [0x0000000080000000, 0x000000008d400000, 0x00000000d5580000)
  object space 217088K, 99% used [0x0000000080000000,0x000000008d3bda60,0x000000008d400000)
 Metaspace       used 71496K, committed 72960K, reserved 1114112K
  class space    used 8241K, committed 8896K, reserved 1048576K
}
Event: 1221.396 GC heap after
{Heap after GC invocations=745 (full 3):
 PSYoungGen      total 3072K, used 354K [0x00000000d5580000, 0x00000000d5980000, 0x0000000100000000)
  eden space 2560K, 0% used [0x00000000d5580000,0x00000000d5580000,0x00000000d5800000)
  from space 512K, 69% used [0x00000000d5900000,0x00000000d5958b48,0x00000000d5980000)
  to   space 512K, 0% used [0x00000000d5800000,0x00000000d5800000,0x00000000d5880000)
 ParOldGen       total 217088K, used 216886K [0x0000000080000000, 0x000000008d400000, 0x00000000d5580000)
  object space 217088K, 99% used [0x0000000080000000,0x000000008d3cda60,0x000000008d400000)
 Metaspace       used 71496K, committed 72960K, reserved 1114112K
  class space    used 8241K, committed 8896K, reserved 1048576K
}
Event: 1221.486 GC heap before
{Heap before GC invocations=746 (full 3):
 PSYoungGen      total 3072K, used 2914K [0x00000000d5580000, 0x00000000d5980000, 0x0000000100000000)
  eden space 2560K, 100% used [0x00000000d5580000,0x00000000d5800000,0x00000000d5800000)
  from space 512K, 69% used [0x00000000d5900000,0x00000000d5958b48,0x00000000d5980000)
  to   space 512K, 0% used [0x00000000d5800000,0x00000000d5800000,0x00000000d5880000)
 ParOldGen       total 217088K, used 216886K [0x0000000080000000, 0x000000008d400000, 0x00000000d5580000)
  object space 217088K, 99% used [0x0000000080000000,0x000000008d3cda60,0x000000008d400000)
 Metaspace       used 71496K, committed 72960K, reserved 1114112K
  class space    used 8241K, committed 8896K, reserved 1048576K
}
Event: 1221.488 GC heap after
{Heap after GC invocations=746 (full 3):
 PSYoungGen      total 3072K, used 192K [0x00000000d5580000, 0x00000000d5980000, 0x0000000100000000)
  eden space 2560K, 0% used [0x00000000d5580000,0x00000000d5580000,0x00000000d5800000)
  from space 512K, 37% used [0x00000000d5800000,0x00000000d5830000,0x00000000d5880000)
  to   space 512K, 0% used [0x00000000d5900000,0x00000000d5900000,0x00000000d5980000)
 ParOldGen       total 217600K, used 217091K [0x0000000080000000, 0x000000008d480000, 0x00000000d5580000)
  object space 217600K, 99% used [0x0000000080000000,0x000000008d400ee0,0x000000008d480000)
 Metaspace       used 71496K, committed 72960K, reserved 1114112K
  class space    used 8241K, committed 8896K, reserved 1048576K
}
Event: 1461.212 GC heap before
{Heap before GC invocations=747 (full 3):
 PSYoungGen      total 3072K, used 2749K [0x00000000d5580000, 0x00000000d5980000, 0x0000000100000000)
  eden space 2560K, 99% used [0x00000000d5580000,0x00000000d57ff538,0x00000000d5800000)
  from space 512K, 37% used [0x00000000d5800000,0x00000000d5830000,0x00000000d5880000)
  to   space 512K, 0% used [0x00000000d5900000,0x00000000d5900000,0x00000000d5980000)
 ParOldGen       total 217600K, used 217091K [0x0000000080000000, 0x000000008d480000, 0x00000000d5580000)
  object space 217600K, 99% used [0x0000000080000000,0x000000008d400ee0,0x000000008d480000)
 Metaspace       used 71678K, committed 73216K, reserved 1114112K
  class space    used 8265K, committed 8960K, reserved 1048576K
}
Event: 1461.256 GC heap after
{Heap after GC invocations=747 (full 3):
 PSYoungGen      total 3072K, used 256K [0x00000000d5580000, 0x00000000d5980000, 0x0000000100000000)
  eden space 2560K, 0% used [0x00000000d5580000,0x00000000d5580000,0x00000000d5800000)
  from space 512K, 50% used [0x00000000d5900000,0x00000000d5940000,0x00000000d5980000)
  to   space 512K, 0% used [0x00000000d5800000,0x00000000d5800000,0x00000000d5880000)
 ParOldGen       total 217600K, used 217147K [0x0000000080000000, 0x000000008d480000, 0x00000000d5580000)
  object space 217600K, 99% used [0x0000000080000000,0x000000008d40eee0,0x000000008d480000)
 Metaspace       used 71678K, committed 73216K, reserved 1114112K
  class space    used 8265K, committed 8960K, reserved 1048576K
}

