# JRE version: OpenJDK Runtime Environment Temurin-21.0.10+7 (21.0.10+7) (build 21.0.10+7-LTS)
# Java VM: OpenJDK 64-Bit Server VM Temurin-21.0.10+7 (21.0.10+7-LTS, mixed mode, sharing, tiered, compressed oops, compressed class ptrs, parallel gc, windows-amd64)
GC Precious Log:
 CardTable entry size: 512
 CPUs: 8 total, 8 available
 Memory: 16242M
 Large Page Support: Disabled
 NUMA Support: Disabled
 Compressed Oops: Enabled (32-bit)
 Alignments: Space 512K, Generation 512K, Heap 2M
 Heap Min Capacity: 100M
 Heap Initial Capacity: 100M
 Heap Max Capacity: 2G
 Pre-touch: Disabled
 Parallel Workers: 8
Heap:
 PSYoungGen      total 2560K, used 590K [0x00000000d5580000, 0x00000000d5900000, 0x0000000100000000)
  eden space 2048K, 11% used [0x00000000d5580000,0x00000000d55bbbb0,0x00000000d5780000)
  from space 512K, 68% used [0x00000000d5800000,0x00000000d5858020,0x00000000d5880000)
  to   space 512K, 0% used [0x00000000d5880000,0x00000000d5880000,0x00000000d5900000)
 ParOldGen       total 463872K, used 265038K [0x0000000080000000, 0x000000009c500000, 0x00000000d5580000)
  object space 463872K, 57% used [0x0000000080000000,0x00000000902d3bb0,0x000000009c500000)
 Metaspace       used 92872K, committed 94656K, reserved 1179648K
  class space    used 10916K, committed 11904K, reserved 1048576K
GC Heap History (20 events):
Event: 3367.392 GC heap before
{Heap before GC invocations=3050 (full 4):
 PSYoungGen      total 2560K, used 2208K [0x00000000d5580000, 0x00000000d5900000, 0x0000000100000000)
  eden space 2048K, 100% used [0x00000000d5580000,0x00000000d5780000,0x00000000d5780000)
  from space 512K, 31% used [0x00000000d5800000,0x00000000d5828000,0x00000000d5880000)
  to   space 512K, 0% used [0x00000000d5880000,0x00000000d5880000,0x00000000d5900000)
 ParOldGen       total 463872K, used 265038K [0x0000000080000000, 0x000000009c500000, 0x00000000d5580000)
  object space 463872K, 57% used [0x0000000080000000,0x00000000902d3bb0,0x000000009c500000)
 Metaspace       used 92867K, committed 94592K, reserved 1179648K
  class space    used 10916K, committed 11904K, reserved 1048576K
}
Event: 3367.394 GC heap after
{Heap after GC invocations=3050 (full 4):
 PSYoungGen      total 2560K, used 224K [0x00000000d5580000, 0x00000000d5900000, 0x0000000100000000)
  eden space 2048K, 0% used [0x00000000d5580000,0x00000000d5580000,0x00000000d5780000)
  from space 512K, 43% used [0x00000000d5880000,0x00000000d58b8000,0x00000000d5900000)
  to   space 512K, 0% used [0x00000000d5800000,0x00000000d5800000,0x00000000d5880000)
 ParOldGen       total 463872K, used 265038K [0x0000000080000000, 0x000000009c500000, 0x00000000d5580000)
  object space 463872K, 57% used [0x0000000080000000,0x00000000902d3bb0,0x000000009c500000)
 Metaspace       used 92867K, committed 94592K, reserved 1179648K
  class space    used 10916K, committed 11904K, reserved 1048576K
}
Event: 3367.712 GC heap before
{Heap before GC invocations=3051 (full 4):
 PSYoungGen      total 2560K, used 2272K [0x00000000d5580000, 0x00000000d5900000, 0x0000000100000000)
  eden space 2048K, 100% used [0x00000000d5580000,0x00000000d5780000,0x00000000d5780000)
  from space 512K, 43% used [0x00000000d5880000,0x00000000d58b8000,0x00000000d5900000)
  to   space 512K, 0% used [0x00000000d5800000,0x00000000d5800000,0x00000000d5880000)
 ParOldGen       total 463872K, used 265038K [0x0000000080000000, 0x000000009c500000, 0x00000000d5580000)
  object space 463872K, 57% used [0x0000000080000000,0x00000000902d3bb0,0x000000009c500000)
 Metaspace       used 92867K, committed 94592K, reserved 1179648K
  class space    used 10916K, committed 11904K, reserved 1048576K
}
Event: 3367.714 GC heap after
{Heap after GC invocations=3051 (full 4):
 PSYoungGen      total 2560K, used 160K [0x00000000d5580000, 0x00000000d5900000, 0x0000000100000000)
  eden space 2048K, 0% used [0x00000000d5580000,0x00000000d5580000,0x00000000d5780000)
  from space 512K, 31% used [0x00000000d5800000,0x00000000d5828000,0x00000000d5880000)
  to   space 512K, 0% used [0x00000000d5880000,0x00000000d5880000,0x00000000d5900000)
 ParOldGen       total 463872K, used 265038K [0x0000000080000000, 0x000000009c500000, 0x00000000d5580000)
  object space 463872K, 57% used [0x0000000080000000,0x00000000902d3bb0,0x000000009c500000)
 Metaspace       used 92867K, committed 94592K, reserved 1179648K
  class space    used 10916K, committed 11904K, reserved 1048576K
}
Event: 3367.887 GC heap before
{Heap before GC invocations=3052 (full 4):
 PSYoungGen      total 2560K, used 2208K [0x00000000d5580000, 0x00000000d5900000, 0x0000000100000000)
  eden space 2048K, 100% used [0x00000000d5580000,0x00000000d5780000,0x00000000d5780000)
  from space 512K, 31% used [0x00000000d5800000,0x00000000d5828000,0x00000000d5880000)
  to   space 512K, 0% used [0x00000000d5880000,0x00000000d5880000,0x00000000d5900000)
 ParOldGen       total 463872K, used 265038K [0x0000000080000000, 0x000000009c500000, 0x00000000d5580000)
  object space 463872K, 57% used [0x0000000080000000,0x00000000902d3bb0,0x000000009c500000)
 Metaspace       used 92867K, committed 94592K, reserved 1179648K
  class space    used 10916K, committed 11904K, reserved 1048576K
}
Event: 3367.889 GC heap after
{Heap after GC invocations=3052 (full 4):
 PSYoungGen      total 2560K, used 192K [0x00000000d5580000, 0x00000000d5900000, 0x0000000100000000)
  eden space 2048K, 0% used [0x00000000d5580000,0x00000000d5580000,0x00000000d5780000)
  from space 512K, 37% used [0x00000000d5880000,0x00000000d58b0000,0x00000000d5900000)
  to   space 512K, 0% used [0x00000000d5800000,0x00000000d5800000,0x00000000d5880000)
 ParOldGen       total 463872K, used 265038K [0x0000000080000000, 0x000000009c500000, 0x00000000d5580000)
  object space 463872K, 57% used [0x0000000080000000,0x00000000902d3bb0,0x000000009c500000)
 Metaspace       used 92867K, committed 94592K, reserved 1179648K
  class space    used 10916K, committed 11904K, reserved 1048576K
}
Event: 3368.070 GC heap before
{Heap before GC invocations=3053 (full 4):
 PSYoungGen      total 2560K, used 2240K [0x00000000d5580000, 0x00000000d5900000, 0x0000000100000000)
  eden space 2048K, 100% used [0x00000000d5580000,0x00000000d5780000,0x00000000d5780000)
  from space 512K, 37% used [0x00000000d5880000,0x00000000d58b0000,0x00000000d5900000)
  to   space 512K, 0% used [0x00000000d5800000,0x00000000d5800000,0x00000000d5880000)
 ParOldGen       total 463872K, used 265038K [0x0000000080000000, 0x000000009c500000, 0x00000000d5580000)
  object space 463872K, 57% used [0x0000000080000000,0x00000000902d3bb0,0x000000009c500000)
 Metaspace       used 92867K, committed 94592K, reserved 1179648K
  class space    used 10916K, committed 11904K, reserved 1048576K
}
Event: 3368.073 GC heap after
{Heap after GC invocations=3053 (full 4):
 PSYoungGen      total 2560K, used 64K [0x00000000d5580000, 0x00000000d5900000, 0x0000000100000000)
  eden space 2048K, 0% used [0x00000000d5580000,0x00000000d5580000,0x00000000d5780000)
  from space 512K, 12% used [0x00000000d5800000,0x00000000d5810000,0x00000000d5880000)
  to   space 512K, 0% used [0x00000000d5880000,0x00000000d5880000,0x00000000d5900000)
 ParOldGen       total 463872K, used 265038K [0x0000000080000000, 0x000000009c500000, 0x00000000d5580000)
  object space 463872K, 57% used [0x0000000080000000,0x00000000902d3bb0,0x000000009c500000)
 Metaspace       used 92867K, committed 94592K, reserved 1179648K
  class space    used 10916K, committed 11904K, reserved 1048576K
}
Event: 3368.247 GC heap before
{Heap before GC invocations=3054 (full 4):
 PSYoungGen      total 2560K, used 2112K [0x00000000d5580000, 0x00000000d5900000, 0x0000000100000000)
  eden space 2048K, 100% used [0x00000000d5580000,0x00000000d5780000,0x00000000d5780000)
  from space 512K, 12% used [0x00000000d5800000,0x00000000d5810000,0x00000000d5880000)
  to   space 512K, 0% used [0x00000000d5880000,0x00000000d5880000,0x00000000d5900000)
 ParOldGen       total 463872K, used 265038K [0x0000000080000000, 0x000000009c500000, 0x00000000d5580000)
  object space 463872K, 57% used [0x0000000080000000,0x00000000902d3bb0,0x000000009c500000)
 Metaspace       used 92867K, committed 94592K, reserved 1179648K
  class space    used 10916K, committed 11904K, reserved 1048576K
}
Event: 3368.249 GC heap after
{Heap after GC invocations=3054 (full 4):
 PSYoungGen      total 2560K, used 96K [0x00000000d5580000, 0x00000000d5900000, 0x0000000100000000)
  eden space 2048K, 0% used [0x00000000d5580000,0x00000000d5580000,0x00000000d5780000)
  from space 512K, 18% used [0x00000000d5880000,0x00000000d5898000,0x00000000d5900000)
  to   space 512K, 0% used [0x00000000d5800000,0x00000000d5800000,0x00000000d5880000)
 ParOldGen       total 463872K, used 265038K [0x0000000080000000, 0x000000009c500000, 0x00000000d5580000)
  object space 463872K, 57% used [0x0000000080000000,0x00000000902d3bb0,0x000000009c500000)
 Metaspace       used 92867K, committed 94592K, reserved 1179648K
  class space    used 10916K, committed 11904K, reserved 1048576K
}
Event: 3368.411 GC heap before
{Heap before GC invocations=3055 (full 4):
 PSYoungGen      total 2560K, used 2144K [0x00000000d5580000, 0x00000000d5900000, 0x0000000100000000)
  eden space 2048K, 100% used [0x00000000d5580000,0x00000000d5780000,0x00000000d5780000)
  from space 512K, 18% used [0x00000000d5880000,0x00000000d5898000,0x00000000d5900000)
  to   space 512K, 0% used [0x00000000d5800000,0x00000000d5800000,0x00000000d5880000)
 ParOldGen       total 463872K, used 265038K [0x0000000080000000, 0x000000009c500000, 0x00000000d5580000)
  object space 463872K, 57% used [0x0000000080000000,0x00000000902d3bb0,0x000000009c500000)
 Metaspace       used 92867K, committed 94592K, reserved 1179648K
  class space    used 10916K, committed 11904K, reserved 1048576K
}
Event: 3368.412 GC heap after
{Heap after GC invocations=3055 (full 4):
 PSYoungGen      total 2560K, used 96K [0x00000000d5580000, 0x00000000d5900000, 0x0000000100000000)
  eden space 2048K, 0% used [0x00000000d5580000,0x00000000d5580000,0x00000000d5780000)
  from space 512K, 18% used [0x00000000d5800000,0x00000000d5818000,0x00000000d5880000)
  to   space 512K, 0% used [0x00000000d5880000,0x00000000d5880000,0x00000000d5900000)
 ParOldGen       total 463872K, used 265038K [0x0000000080000000, 0x000000009c500000, 0x00000000d5580000)
  object space 463872K, 57% used [0x0000000080000000,0x00000000902d3bb0,0x000000009c500000)
 Metaspace       used 92867K, committed 94592K, reserved 1179648K
  class space    used 10916K, committed 11904K, reserved 1048576K
}
Event: 3368.640 GC heap before
{Heap before GC invocations=3056 (full 4):
 PSYoungGen      total 2560K, used 2144K [0x00000000d5580000, 0x00000000d5900000, 0x0000000100000000)
  eden space 2048K, 100% used [0x00000000d5580000,0x00000000d5780000,0x00000000d5780000)
  from space 512K, 18% used [0x00000000d5800000,0x00000000d5818000,0x00000000d5880000)
  to   space 512K, 0% used [0x00000000d5880000,0x00000000d5880000,0x00000000d5900000)
 ParOldGen       total 463872K, used 265038K [0x0000000080000000, 0x000000009c500000, 0x00000000d5580000)
  object space 463872K, 57% used [0x0000000080000000,0x00000000902d3bb0,0x000000009c500000)
 Metaspace       used 92867K, committed 94592K, reserved 1179648K
  class space    used 10916K, committed 11904K, reserved 1048576K
}
Event: 3368.642 GC heap after
{Heap after GC invocations=3056 (full 4):
 PSYoungGen      total 2560K, used 192K [0x00000000d5580000, 0x00000000d5900000, 0x0000000100000000)
  eden space 2048K, 0% used [0x00000000d5580000,0x00000000d5580000,0x00000000d5780000)
  from space 512K, 37% used [0x00000000d5880000,0x00000000d58b0000,0x00000000d5900000)
  to   space 512K, 0% used [0x00000000d5800000,0x00000000d5800000,0x00000000d5880000)
 ParOldGen       total 463872K, used 265038K [0x0000000080000000, 0x000000009c500000, 0x00000000d5580000)
  object space 463872K, 57% used [0x0000000080000000,0x00000000902d3bb0,0x000000009c500000)
 Metaspace       used 92867K, committed 94592K, reserved 1179648K
  class space    used 10916K, committed 11904K, reserved 1048576K
}
Event: 3368.819 GC heap before
{Heap before GC invocations=3057 (full 4):
 PSYoungGen      total 2560K, used 2240K [0x00000000d5580000, 0x00000000d5900000, 0x0000000100000000)
  eden space 2048K, 100% used [0x00000000d5580000,0x00000000d5780000,0x00000000d5780000)
  from space 512K, 37% used [0x00000000d5880000,0x00000000d58b0000,0x00000000d5900000)
  to   space 512K, 0% used [0x00000000d5800000,0x00000000d5800000,0x00000000d5880000)
 ParOldGen       total 463872K, used 265038K [0x0000000080000000, 0x000000009c500000, 0x00000000d5580000)
  object space 463872K, 57% used [0x0000000080000000,0x00000000902d3bb0,0x000000009c500000)
 Metaspace       used 92867K, committed 94592K, reserved 1179648K
  class space    used 10916K, committed 11904K, reserved 1048576K
}
Event: 3368.823 GC heap after
{Heap after GC invocations=3057 (full 4):
 PSYoungGen      total 2560K, used 128K [0x00000000d5580000, 0x00000000d5900000, 0x0000000100000000)
  eden space 2048K, 0% used [0x00000000d5580000,0x00000000d5580000,0x00000000d5780000)
  from space 512K, 25% used [0x00000000d5800000,0x00000000d5820000,0x00000000d5880000)
  to   space 512K, 0% used [0x00000000d5880000,0x00000000d5880000,0x00000000d5900000)
 ParOldGen       total 463872K, used 265038K [0x0000000080000000, 0x000000009c500000, 0x00000000d5580000)
  object space 463872K, 57% used [0x0000000080000000,0x00000000902d3bb0,0x000000009c500000)
 Metaspace       used 92867K, committed 94592K, reserved 1179648K
  class space    used 10916K, committed 11904K, reserved 1048576K
}
Event: 3368.989 GC heap before
{Heap before GC invocations=3058 (full 4):
 PSYoungGen      total 2560K, used 2176K [0x00000000d5580000, 0x00000000d5900000, 0x0000000100000000)
  eden space 2048K, 100% used [0x00000000d5580000,0x00000000d5780000,0x00000000d5780000)
  from space 512K, 25% used [0x00000000d5800000,0x00000000d5820000,0x00000000d5880000)
  to   space 512K, 0% used [0x00000000d5880000,0x00000000d5880000,0x00000000d5900000)
 ParOldGen       total 463872K, used 265038K [0x0000000080000000, 0x000000009c500000, 0x00000000d5580000)
  object space 463872K, 57% used [0x0000000080000000,0x00000000902d3bb0,0x000000009c500000)
 Metaspace       used 92867K, committed 94592K, reserved 1179648K
  class space    used 10916K, committed 11904K, reserved 1048576K
}
Event: 3368.990 GC heap after
{Heap after GC invocations=3058 (full 4):
 PSYoungGen      total 2560K, used 192K [0x00000000d5580000, 0x00000000d5900000, 0x0000000100000000)
  eden space 2048K, 0% used [0x00000000d5580000,0x00000000d5580000,0x00000000d5780000)
  from space 512K, 37% used [0x00000000d5880000,0x00000000d58b0000,0x00000000d5900000)
  to   space 512K, 0% used [0x00000000d5800000,0x00000000d5800000,0x00000000d5880000)
 ParOldGen       total 463872K, used 265038K [0x0000000080000000, 0x000000009c500000, 0x00000000d5580000)
  object space 463872K, 57% used [0x0000000080000000,0x00000000902d3bb0,0x000000009c500000)
 Metaspace       used 92867K, committed 94592K, reserved 1179648K
  class space    used 10916K, committed 11904K, reserved 1048576K
}
Event: 23780.469 GC heap before
{Heap before GC invocations=3059 (full 4):
 PSYoungGen      total 2560K, used 2239K [0x00000000d5580000, 0x00000000d5900000, 0x0000000100000000)
  eden space 2048K, 99% used [0x00000000d5580000,0x00000000d577ffe8,0x00000000d5780000)
  from space 512K, 37% used [0x00000000d5880000,0x00000000d58b0000,0x00000000d5900000)
  to   space 512K, 0% used [0x00000000d5800000,0x00000000d5800000,0x00000000d5880000)
 ParOldGen       total 463872K, used 265038K [0x0000000080000000, 0x000000009c500000, 0x00000000d5580000)
  object space 463872K, 57% used [0x0000000080000000,0x00000000902d3bb0,0x000000009c500000)
 Metaspace       used 92872K, committed 94656K, reserved 1179648K
  class space    used 10916K, committed 11904K, reserved 1048576K
}
Event: 23780.645 GC heap after
{Heap after GC invocations=3059 (full 4):
 PSYoungGen      total 2560K, used 352K [0x00000000d5580000, 0x00000000d5900000, 0x0000000100000000)
  eden space 2048K, 0% used [0x00000000d5580000,0x00000000d5580000,0x00000000d5780000)
  from space 512K, 68% used [0x00000000d5800000,0x00000000d5858020,0x00000000d5880000)
  to   space 512K, 0% used [0x00000000d5880000,0x00000000d5880000,0x00000000d5900000)
 ParOldGen       total 463872K, used 265038K [0x0000000080000000, 0x000000009c500000, 0x00000000d5580000)
  object space 463872K, 57% used [0x0000000080000000,0x00000000902d3bb0,0x000000009c500000)
 Metaspace       used 92872K, committed 94656K, reserved 1179648K
  class space    used 10916K, committed 11904K, reserved 1048576K
}

