# JRE version: OpenJDK Runtime Environment Temurin-21.0.10+7 (21.0.10+7) (build 21.0.10+7-LTS)
# Java VM: OpenJDK 64-Bit Server VM Temurin-21.0.10+7 (21.0.10+7-LTS, mixed mode, sharing, tiered, compressed oops, compressed class ptrs, parallel gc, windows-amd64)
GC Precious Log:
 CardTable entry size: 512
 CPUs: 8 total, 8 available
 Memory: 16242M
 Large Page Support: Disabled
 NUMA Support: Disabled
 Compressed Oops: Enabled (32-bit)
 Alignments: Space 512K, Generation 512K, Heap 2M
 Heap Min Capacity: 100M
 Heap Initial Capacity: 100M
 Heap Max Capacity: 2G
 Pre-touch: Disabled
 Parallel Workers: 8
Heap:
 PSYoungGen      total 15360K, used 8909K [0x00000000d5580000, 0x00000000d6880000, 0x0000000100000000)
  eden space 14336K, 55% used [0x00000000d5580000,0x00000000d5d3b320,0x00000000d6380000)
  from space 1024K, 96% used [0x00000000d6580000,0x00000000d6678198,0x00000000d6680000)
  to   space 2048K, 0% used [0x00000000d6380000,0x00000000d6380000,0x00000000d6580000)
 ParOldGen       total 86016K, used 85620K [0x0000000080000000, 0x0000000085400000, 0x00000000d5580000)
  object space 86016K, 99% used [0x0000000080000000,0x000000008539d1d8,0x0000000085400000)
 Metaspace       used 78873K, committed 80576K, reserved 1179648K
  class space    used 10093K, committed 10880K, reserved 1048576K
GC Heap History (20 events):
Event: 408.968 GC heap before
{Heap before GC invocations=114 (full 3):
 PSYoungGen      total 17408K, used 17250K [0x00000000d5580000, 0x00000000d6a80000, 0x0000000100000000)
  eden space 15360K, 100% used [0x00000000d5580000,0x00000000d6480000,0x00000000d6480000)
  from space 2048K, 92% used [0x00000000d6880000,0x00000000d6a58820,0x00000000d6a80000)
  to   space 2048K, 0% used [0x00000000d6680000,0x00000000d6680000,0x00000000d6880000)
 ParOldGen       total 74752K, used 74439K [0x0000000080000000, 0x0000000084900000, 0x00000000d5580000)
  object space 74752K, 99% used [0x0000000080000000,0x00000000848b1e88,0x0000000084900000)
 Metaspace       used 77901K, committed 79616K, reserved 1179648K
  class space    used 10018K, committed 10752K, reserved 1048576K
}
Event: 408.976 GC heap after
{Heap after GC invocations=114 (full 3):
 PSYoungGen      total 17408K, used 1600K [0x00000000d5580000, 0x00000000d6900000, 0x0000000100000000)
  eden space 15360K, 0% used [0x00000000d5580000,0x00000000d5580000,0x00000000d6480000)
  from space 2048K, 78% used [0x00000000d6680000,0x00000000d6810000,0x00000000d6880000)
  to   space 512K, 0% used [0x00000000d6880000,0x00000000d6880000,0x00000000d6900000)
 ParOldGen       total 76288K, used 76181K [0x0000000080000000, 0x0000000084a80000, 0x00000000d5580000)
  object space 76288K, 99% used [0x0000000080000000,0x0000000084a657b8,0x0000000084a80000)
 Metaspace       used 77901K, committed 79616K, reserved 1179648K
  class space    used 10018K, committed 10752K, reserved 1048576K
}
Event: 409.081 GC heap before
{Heap before GC invocations=115 (full 3):
 PSYoungGen      total 17408K, used 16960K [0x00000000d5580000, 0x00000000d6900000, 0x0000000100000000)
  eden space 15360K, 100% used [0x00000000d5580000,0x00000000d6480000,0x00000000d6480000)
  from space 2048K, 78% used [0x00000000d6680000,0x00000000d6810000,0x00000000d6880000)
  to   space 512K, 0% used [0x00000000d6880000,0x00000000d6880000,0x00000000d6900000)
 ParOldGen       total 76288K, used 76181K [0x0000000080000000, 0x0000000084a80000, 0x00000000d5580000)
  object space 76288K, 99% used [0x0000000080000000,0x0000000084a657b8,0x0000000084a80000)
 Metaspace       used 77909K, committed 79616K, reserved 1179648K
  class space    used 10018K, committed 10752K, reserved 1048576K
}
Event: 409.085 GC heap after
{Heap after GC invocations=115 (full 3):
 PSYoungGen      total 15872K, used 512K [0x00000000d5580000, 0x00000000d6a80000, 0x0000000100000000)
  eden space 15360K, 0% used [0x00000000d5580000,0x00000000d5580000,0x00000000d6480000)
  from space 512K, 100% used [0x00000000d6880000,0x00000000d6900000,0x00000000d6900000)
  to   space 3072K, 0% used [0x00000000d6480000,0x00000000d6480000,0x00000000d6780000)
 ParOldGen       total 78848K, used 78402K [0x0000000080000000, 0x0000000084d00000, 0x00000000d5580000)
  object space 78848K, 99% used [0x0000000080000000,0x0000000084c909e8,0x0000000084d00000)
 Metaspace       used 77909K, committed 79616K, reserved 1179648K
  class space    used 10018K, committed 10752K, reserved 1048576K
}
Event: 410.074 GC heap before
{Heap before GC invocations=116 (full 3):
 PSYoungGen      total 15872K, used 15872K [0x00000000d5580000, 0x00000000d6a80000, 0x0000000100000000)
  eden space 15360K, 100% used [0x00000000d5580000,0x00000000d6480000,0x00000000d6480000)
  from space 512K, 100% used [0x00000000d6880000,0x00000000d6900000,0x00000000d6900000)
  to   space 3072K, 0% used [0x00000000d6480000,0x00000000d6480000,0x00000000d6780000)
 ParOldGen       total 78848K, used 78402K [0x0000000080000000, 0x0000000084d00000, 0x00000000d5580000)
  object space 78848K, 99% used [0x0000000080000000,0x0000000084c909e8,0x0000000084d00000)
 Metaspace       used 77914K, committed 79616K, reserved 1179648K
  class space    used 10018K, committed 10752K, reserved 1048576K
}
Event: 410.077 GC heap after
{Heap after GC invocations=116 (full 3):
 PSYoungGen      total 17408K, used 1636K [0x00000000d5580000, 0x00000000d6900000, 0x0000000100000000)
  eden space 15360K, 0% used [0x00000000d5580000,0x00000000d5580000,0x00000000d6480000)
  from space 2048K, 79% used [0x00000000d6480000,0x00000000d6619000,0x00000000d6680000)
  to   space 2048K, 0% used [0x00000000d6700000,0x00000000d6700000,0x00000000d6900000)
 ParOldGen       total 79360K, used 78954K [0x0000000080000000, 0x0000000084d80000, 0x00000000d5580000)
  object space 79360K, 99% used [0x0000000080000000,0x0000000084d1a9e8,0x0000000084d80000)
 Metaspace       used 77914K, committed 79616K, reserved 1179648K
  class space    used 10018K, committed 10752K, reserved 1048576K
}
Event: 410.278 GC heap before
{Heap before GC invocations=117 (full 3):
 PSYoungGen      total 17408K, used 16996K [0x00000000d5580000, 0x00000000d6900000, 0x0000000100000000)
  eden space 15360K, 100% used [0x00000000d5580000,0x00000000d6480000,0x00000000d6480000)
  from space 2048K, 79% used [0x00000000d6480000,0x00000000d6619000,0x00000000d6680000)
  to   space 2048K, 0% used [0x00000000d6700000,0x00000000d6700000,0x00000000d6900000)
 ParOldGen       total 79360K, used 78954K [0x0000000080000000, 0x0000000084d80000, 0x00000000d5580000)
  object space 79360K, 99% used [0x0000000080000000,0x0000000084d1a9e8,0x0000000084d80000)
 Metaspace       used 77924K, committed 79680K, reserved 1179648K
  class space    used 10018K, committed 10816K, reserved 1048576K
}
Event: 410.284 GC heap after
{Heap after GC invocations=117 (full 3):
 PSYoungGen      total 17408K, used 1696K [0x00000000d5580000, 0x00000000d6900000, 0x0000000100000000)
  eden space 15360K, 0% used [0x00000000d5580000,0x00000000d5580000,0x00000000d6480000)
  from space 2048K, 82% used [0x00000000d6700000,0x00000000d68a8010,0x00000000d6900000)
  to   space 2048K, 0% used [0x00000000d6480000,0x00000000d6480000,0x00000000d6680000)
 ParOldGen       total 80896K, used 80490K [0x0000000080000000, 0x0000000084f00000, 0x00000000d5580000)
  object space 80896K, 99% used [0x0000000080000000,0x0000000084e9aae8,0x0000000084f00000)
 Metaspace       used 77924K, committed 79680K, reserved 1179648K
  class space    used 10018K, committed 10816K, reserved 1048576K
}
Event: 410.740 GC heap before
{Heap before GC invocations=118 (full 3):
 PSYoungGen      total 17408K, used 17056K [0x00000000d5580000, 0x00000000d6900000, 0x0000000100000000)
  eden space 15360K, 100% used [0x00000000d5580000,0x00000000d6480000,0x00000000d6480000)
  from space 2048K, 82% used [0x00000000d6700000,0x00000000d68a8010,0x00000000d6900000)
  to   space 2048K, 0% used [0x00000000d6480000,0x00000000d6480000,0x00000000d6680000)
 ParOldGen       total 80896K, used 80490K [0x0000000080000000, 0x0000000084f00000, 0x00000000d5580000)
  object space 80896K, 99% used [0x0000000080000000,0x0000000084e9aae8,0x0000000084f00000)
 Metaspace       used 77960K, committed 79680K, reserved 1179648K
  class space    used 10020K, committed 10816K, reserved 1048576K
}
Event: 410.744 GC heap after
{Heap after GC invocations=118 (full 3):
 PSYoungGen      total 16896K, used 1376K [0x00000000d5580000, 0x00000000d6780000, 0x0000000100000000)
  eden space 15360K, 0% used [0x00000000d5580000,0x00000000d5580000,0x00000000d6480000)
  from space 1536K, 89% used [0x00000000d6480000,0x00000000d65d8000,0x00000000d6600000)
  to   space 1536K, 0% used [0x00000000d6600000,0x00000000d6600000,0x00000000d6780000)
 ParOldGen       total 82432K, used 82058K [0x0000000080000000, 0x0000000085080000, 0x00000000d5580000)
  object space 82432K, 99% used [0x0000000080000000,0x0000000085022af8,0x0000000085080000)
 Metaspace       used 77960K, committed 79680K, reserved 1179648K
  class space    used 10020K, committed 10816K, reserved 1048576K
}
Event: 411.122 GC heap before
{Heap before GC invocations=119 (full 3):
 PSYoungGen      total 16896K, used 16736K [0x00000000d5580000, 0x00000000d6780000, 0x0000000100000000)
  eden space 15360K, 100% used [0x00000000d5580000,0x00000000d6480000,0x00000000d6480000)
  from space 1536K, 89% used [0x00000000d6480000,0x00000000d65d8000,0x00000000d6600000)
  to   space 1536K, 0% used [0x00000000d6600000,0x00000000d6600000,0x00000000d6780000)
 ParOldGen       total 82432K, used 82058K [0x0000000080000000, 0x0000000085080000, 0x00000000d5580000)
  object space 82432K, 99% used [0x0000000080000000,0x0000000085022af8,0x0000000085080000)
 Metaspace       used 77970K, committed 79680K, reserved 1179648K
  class space    used 10020K, committed 10816K, reserved 1048576K
}
Event: 411.125 GC heap after
{Heap after GC invocations=119 (full 3):
 PSYoungGen      total 16896K, used 1400K [0x00000000d5580000, 0x00000000d6780000, 0x0000000100000000)
  eden space 15360K, 0% used [0x00000000d5580000,0x00000000d5580000,0x00000000d6480000)
  from space 1536K, 91% used [0x00000000d6600000,0x00000000d675e200,0x00000000d6780000)
  to   space 1536K, 0% used [0x00000000d6480000,0x00000000d6480000,0x00000000d6600000)
 ParOldGen       total 83456K, used 83338K [0x0000000080000000, 0x0000000085180000, 0x00000000d5580000)
  object space 83456K, 99% used [0x0000000080000000,0x0000000085162af8,0x0000000085180000)
 Metaspace       used 77970K, committed 79680K, reserved 1179648K
  class space    used 10020K, committed 10816K, reserved 1048576K
}
Event: 416.646 GC heap before
{Heap before GC invocations=120 (full 3):
 PSYoungGen      total 16896K, used 16760K [0x00000000d5580000, 0x00000000d6780000, 0x0000000100000000)
  eden space 15360K, 100% used [0x00000000d5580000,0x00000000d6480000,0x00000000d6480000)
  from space 1536K, 91% used [0x00000000d6600000,0x00000000d675e200,0x00000000d6780000)
  to   space 1536K, 0% used [0x00000000d6480000,0x00000000d6480000,0x00000000d6600000)
 ParOldGen       total 83456K, used 83338K [0x0000000080000000, 0x0000000085180000, 0x00000000d5580000)
  object space 83456K, 99% used [0x0000000080000000,0x0000000085162af8,0x0000000085180000)
 Metaspace       used 78280K, committed 80000K, reserved 1179648K
  class space    used 10046K, committed 10816K, reserved 1048576K
}
Event: 416.651 GC heap after
{Heap after GC invocations=120 (full 3):
 PSYoungGen      total 15872K, used 512K [0x00000000d5580000, 0x00000000d6680000, 0x0000000100000000)
  eden space 15360K, 0% used [0x00000000d5580000,0x00000000d5580000,0x00000000d6480000)
  from space 512K, 100% used [0x00000000d6480000,0x00000000d6500000,0x00000000d6500000)
  to   space 1024K, 0% used [0x00000000d6580000,0x00000000d6580000,0x00000000d6680000)
 ParOldGen       total 84992K, used 84576K [0x0000000080000000, 0x0000000085300000, 0x00000000d5580000)
  object space 84992K, 99% used [0x0000000080000000,0x0000000085298050,0x0000000085300000)
 Metaspace       used 78280K, committed 80000K, reserved 1179648K
  class space    used 10046K, committed 10816K, reserved 1048576K
}
Event: 417.028 GC heap before
{Heap before GC invocations=121 (full 3):
 PSYoungGen      total 15872K, used 15872K [0x00000000d5580000, 0x00000000d6680000, 0x0000000100000000)
  eden space 15360K, 100% used [0x00000000d5580000,0x00000000d6480000,0x00000000d6480000)
  from space 512K, 100% used [0x00000000d6480000,0x00000000d6500000,0x00000000d6500000)
  to   space 1024K, 0% used [0x00000000d6580000,0x00000000d6580000,0x00000000d6680000)
 ParOldGen       total 84992K, used 84576K [0x0000000080000000, 0x0000000085300000, 0x00000000d5580000)
  object space 84992K, 99% used [0x0000000080000000,0x0000000085298050,0x0000000085300000)
 Metaspace       used 78290K, committed 80064K, reserved 1179648K
  class space    used 10046K, committed 10816K, reserved 1048576K
}
Event: 417.030 GC heap after
{Heap after GC invocations=121 (full 3):
 PSYoungGen      total 15872K, used 112K [0x00000000d5580000, 0x00000000d6600000, 0x0000000100000000)
  eden space 15360K, 0% used [0x00000000d5580000,0x00000000d5580000,0x00000000d6480000)
  from space 512K, 21% used [0x00000000d6580000,0x00000000d659c010,0x00000000d6600000)
  to   space 512K, 0% used [0x00000000d6480000,0x00000000d6480000,0x00000000d6500000)
 ParOldGen       total 84992K, used 84942K [0x0000000080000000, 0x0000000085300000, 0x00000000d5580000)
  object space 84992K, 99% used [0x0000000080000000,0x00000000852f3ad0,0x0000000085300000)
 Metaspace       used 78290K, committed 80064K, reserved 1179648K
  class space    used 10046K, committed 10816K, reserved 1048576K
}
Event: 417.852 GC heap before
{Heap before GC invocations=122 (full 3):
 PSYoungGen      total 15872K, used 15432K [0x00000000d5580000, 0x00000000d6600000, 0x0000000100000000)
  eden space 15360K, 99% used [0x00000000d5580000,0x00000000d64760b8,0x00000000d6480000)
  from space 512K, 21% used [0x00000000d6580000,0x00000000d659c010,0x00000000d6600000)
  to   space 512K, 0% used [0x00000000d6480000,0x00000000d6480000,0x00000000d6500000)
 ParOldGen       total 84992K, used 84942K [0x0000000080000000, 0x0000000085300000, 0x00000000d5580000)
  object space 84992K, 99% used [0x0000000080000000,0x00000000852f3ad0,0x0000000085300000)
 Metaspace       used 78295K, committed 80064K, reserved 1179648K
  class space    used 10046K, committed 10816K, reserved 1048576K
}
Event: 417.853 GC heap after
{Heap after GC invocations=122 (full 3):
 PSYoungGen      total 15872K, used 509K [0x00000000d5580000, 0x00000000d6680000, 0x0000000100000000)
  eden space 15360K, 0% used [0x00000000d5580000,0x00000000d5580000,0x00000000d6480000)
  from space 512K, 99% used [0x00000000d6480000,0x00000000d64ff550,0x00000000d6500000)
  to   space 1024K, 0% used [0x00000000d6580000,0x00000000d6580000,0x00000000d6680000)
 ParOldGen       total 84992K, used 84982K [0x0000000080000000, 0x0000000085300000, 0x00000000d5580000)
  object space 84992K, 99% used [0x0000000080000000,0x00000000852fdae0,0x0000000085300000)
 Metaspace       used 78295K, committed 80064K, reserved 1179648K
  class space    used 10046K, committed 10816K, reserved 1048576K
}
Event: 418.686 GC heap before
{Heap before GC invocations=123 (full 3):
 PSYoungGen      total 15872K, used 15869K [0x00000000d5580000, 0x00000000d6680000, 0x0000000100000000)
  eden space 15360K, 100% used [0x00000000d5580000,0x00000000d6480000,0x00000000d6480000)
  from space 512K, 99% used [0x00000000d6480000,0x00000000d64ff550,0x00000000d6500000)
  to   space 1024K, 0% used [0x00000000d6580000,0x00000000d6580000,0x00000000d6680000)
 ParOldGen       total 84992K, used 84982K [0x0000000080000000, 0x0000000085300000, 0x00000000d5580000)
  object space 84992K, 99% used [0x0000000080000000,0x00000000852fdae0,0x0000000085300000)
 Metaspace       used 78636K, committed 80320K, reserved 1179648K
  class space    used 10077K, committed 10816K, reserved 1048576K
}
Event: 418.689 GC heap after
{Heap after GC invocations=123 (full 3):
 PSYoungGen      total 15360K, used 992K [0x00000000d5580000, 0x00000000d6880000, 0x0000000100000000)
  eden space 14336K, 0% used [0x00000000d5580000,0x00000000d5580000,0x00000000d6380000)
  from space 1024K, 96% used [0x00000000d6580000,0x00000000d6678198,0x00000000d6680000)
  to   space 2048K, 0% used [0x00000000d6380000,0x00000000d6380000,0x00000000d6580000)
 ParOldGen       total 86016K, used 85620K [0x0000000080000000, 0x0000000085400000, 0x00000000d5580000)
  object space 86016K, 99% used [0x0000000080000000,0x000000008539d1d8,0x0000000085400000)
 Metaspace       used 78636K, committed 80320K, reserved 1179648K
  class space    used 10077K, committed 10816K, reserved 1048576K
}

